This is pdfTeX, Version 3.141592653-2.6-1.40.22 (TeX Live 2021) (preloaded format=pdflatex 2021.11.20)  8 NOV 2022 10:00
entering extended mode
 restricted \write18 enabled.
 %&-line parsing enabled.
**title.tex
(./title.tex
LaTeX2e <2020-10-01> patch level 4
L3 programming layer <2021-05-07>

! LaTeX Error: Environment titlepage undefined.

See the LaTeX manual or LaTeX Companion for explanation.
Type  H <return>  for immediate help.
 ...                                              
                                                  
l.2 \begin{titlepage}
                     
Your command was ignored.
Type  I <command> <return>  to replace it with another command,
or  <return>  to continue without it.


! LaTeX Error: Missing \begin{document}.

See the LaTeX manual or LaTeX Companion for explanation.
Type  H <return>  for immediate help.
 ...                                              
                                                  
l.3 \vbox{a
           aaaaaaaa }
You're in trouble here.  Try typing  <return>  to proceed.
If that doesn't work, type  X <return>  to quit.

Missing character: There is no a in font nullfont!
Missing character: There is no a in font nullfont!
Missing character: There is no a in font nullfont!
Missing character: There is no a in font nullfont!
Missing character: There is no a in font nullfont!
Missing character: There is no a in font nullfont!
Missing character: There is no a in font nullfont!
Missing character: There is no a in font nullfont!
Missing character: There is no a in font nullfont!

Overfull \hbox (20.0pt too wide) in paragraph at lines 3--3
[] 
 []


! LaTeX Error: Missing \begin{document}.

See the LaTeX manual or LaTeX Companion for explanation.
Type  H <return>  for immediate help.
 ...                                              
                                                  
l.5 \begin{center}
                  
You're in trouble here.  Try typing  <return>  to proceed.
If that doesn't work, type  X <return>  to quit.


Overfull \hbox (20.0pt too wide) in paragraph at lines 5--5
[] 
 []

! Undefined control sequence.
l.7 	\HRule
            \\[0.4cm]
The control sequence at the end of the top line
of your error message was never \def'ed. If you have
misspelled it (e.g., `\hobx'), type `I' and the correct
spelling (e.g., `I\hbox'). Otherwise just continue,
and I'll forget about whatever was undefined.


! LaTeX Error: There's no line here to end.

See the LaTeX manual or LaTeX Companion for explanation.
Type  H <return>  for immediate help.
 ...                                              
                                                  
l.7 	\HRule \\
              [0.4cm]
Your command was ignored.
Type  I <command> <return>  to replace it with another command,
or  <return>  to continue without it.

! Undefined control sequence.
l.8 	{ \huge
             \bfseries Operadores de Kraus para mediciones difusas en sistem...
The control sequence at the end of the top line
of your error message was never \def'ed. If you have
misspelled it (e.g., `\hobx'), type `I' and the correct
spelling (e.g., `I\hbox'). Otherwise just continue,
and I'll forget about whatever was undefined.


Overfull \hbox (57.62608pt too wide) in paragraph at lines 8--8
 \OT1/cmr/bx/n/10 Operadores 
 []


Overfull \hbox (11.65967pt too wide) in paragraph at lines 8--8
 \OT1/cmr/bx/n/10 de 
 []


Overfull \hbox (30.26509pt too wide) in paragraph at lines 8--8
 \OT1/cmr/bx/n/10 Kraus 
 []


Overfull \hbox (22.3054pt too wide) in paragraph at lines 8--8
 \OT1/cmr/bx/n/10 para 
 []


Overfull \hbox (28.27069pt too wide) in paragraph at lines 8--8
 \OT1/cmr/bx/n/10 medi- 
 []


Overfull \hbox (30.25122pt too wide) in paragraph at lines 8--8
 \OT1/cmr/bx/n/10 ciones 
 []


Overfull \hbox (13.4166pt too wide) in paragraph at lines 8--8
 \OT1/cmr/bx/n/10 di- 
 []


Overfull \hbox (24.5651pt too wide) in paragraph at lines 8--8
 \OT1/cmr/bx/n/10 fusas 
 []


Overfull \hbox (11.65967pt too wide) in paragraph at lines 8--8
 \OT1/cmr/bx/n/10 en 
 []


Overfull \hbox (16.09988pt too wide) in paragraph at lines 8--8
 \OT1/cmr/bx/n/10 sis- 
 []


Overfull \hbox (29.45259pt too wide) in paragraph at lines 8--8
 \OT1/cmr/bx/n/10 temas 
 []


Overfull \hbox (11.65967pt too wide) in paragraph at lines 8--8
 \OT1/cmr/bx/n/10 de 
 []


Overfull \hbox (16.6749pt too wide) in paragraph at lines 8--8
 \OT1/cmr/bx/n/10 dos 
 []


Overfull \hbox (49.20247pt too wide) in paragraph at lines 8--8
 \OT1/cmr/bx/n/10 part^^S^^Pculas 
 []

! Undefined control sequence.
l.9 	\HRule
            \\[1.5cm]
The control sequence at the end of the top line
of your error message was never \def'ed. If you have
misspelled it (e.g., `\hobx'), type `I' and the correct
spelling (e.g., `I\hbox'). Otherwise just continue,
and I'll forget about whatever was undefined.


! LaTeX Error: There's no line here to end.

See the LaTeX manual or LaTeX Companion for explanation.
Type  H <return>  for immediate help.
 ...                                              
                                                  
l.9 	\HRule \\
              [1.5cm]
Your command was ignored.
Type  I <command> <return>  to replace it with another command,
or  <return>  to continue without it.

! Undefined control sequence.
l.12 	\Large
            
The control sequence at the end of the top line
of your error message was never \def'ed. If you have
misspelled it (e.g., `\hobx'), type `I' and the correct
spelling (e.g., `I\hbox'). Otherwise just continue,
and I'll forget about whatever was undefined.


Overfull \hbox (20.07208pt too wide) in paragraph at lines 14--14
 []\OT1/cmr/m/it/10 Rub^^S^^P 
 []


Overfull \hbox (14.4499pt too wide) in paragraph at lines 14--14
 \OT1/cmr/m/it/10 Es- 
 []


Overfull \hbox (20.57207pt too wide) in paragraph at lines 14--14
 \OT1/cmr/m/it/10 mer- 
 []


Overfull \hbox (17.8888pt too wide) in paragraph at lines 14--14
 \OT1/cmr/m/it/10 alda 
 []


Overfull \hbox (35.53308pt too wide) in paragraph at lines 14--14
 \OT1/cmr/m/it/10 Ram^^S^^Prez 
 []


Overfull \hbox (29.15587pt too wide) in paragraph at lines 14--14
 \OT1/cmr/m/it/10 Mili^^San 
 []

! Undefined control sequence.
<recently read> \Large 
                       
l.18 ...ge Universidad de San Carlos de Guatemala}
                                                  \\[0.2cm]
The control sequence at the end of the top line
of your error message was never \def'ed. If you have
misspelled it (e.g., `\hobx'), type `I' and the correct
spelling (e.g., `I\hbox'). Otherwise just continue,
and I'll forget about whatever was undefined.


Overfull \hbox (61.0275pt too wide) in paragraph at lines 18--18
 []\OT1/cmr/m/sc/10 Universidad 
 []


Overfull \hbox (11.82217pt too wide) in paragraph at lines 18--18
 \OT1/cmr/m/sc/10 de 
 []


Overfull \hbox (18.37767pt too wide) in paragraph at lines 18--18
 \OT1/cmr/m/sc/10 San 
 []


Overfull \hbox (23.7943pt too wide) in paragraph at lines 18--18
 \OT1/cmr/m/sc/10 Car- 
 []


Overfull \hbox (16.06659pt too wide) in paragraph at lines 18--18
 \OT1/cmr/m/sc/10 los 
 []


Overfull \hbox (11.82217pt too wide) in paragraph at lines 18--18
 \OT1/cmr/m/sc/10 de 
 []


Overfull \hbox (56.46913pt too wide) in paragraph at lines 18--18
 \OT1/cmr/m/sc/10 Guatemala 
 []

! Undefined control sequence.
<recently read> \Large 
                       
l.19 ...cuela de Ciencias Físicas y Matemáticas}
                                                  \\[1.5cm]
The control sequence at the end of the top line
of your error message was never \def'ed. If you have
misspelled it (e.g., `\hobx'), type `I' and the correct
spelling (e.g., `I\hbox'). Otherwise just continue,
and I'll forget about whatever was undefined.


Overfull \hbox (40.88309pt too wide) in paragraph at lines 19--19
 []\OT1/cmr/m/sc/10 Escuela 
 []


Overfull \hbox (11.82217pt too wide) in paragraph at lines 19--19
 \OT1/cmr/m/sc/10 de 
 []


Overfull \hbox (26.37204pt too wide) in paragraph at lines 19--19
 \OT1/cmr/m/sc/10 Cien- 
 []


Overfull \hbox (19.64435pt too wide) in paragraph at lines 19--19
 \OT1/cmr/m/sc/10 cias 
 []


Overfull \hbox (34.36925pt too wide) in paragraph at lines 19--19
 \OT1/cmr/m/sc/10 F[]^^Psicas 
 []


Overfull \hbox (6.13332pt too wide) in paragraph at lines 19--19
 \OT1/cmr/m/sc/10 y 
 []


Overfull \hbox (65.99959pt too wide) in paragraph at lines 19--19
 \OT1/cmr/m/sc/10 Matem[]aticas 
 []

! Undefined control sequence.
<recently read> \large 
                       
l.20 ...{\large Ante proyecto: Año de prácticas}
                                                  \\[1.5cm]
The control sequence at the end of the top line
of your error message was never \def'ed. If you have
misspelled it (e.g., `\hobx'), type `I' and the correct
spelling (e.g., `I\hbox'). Otherwise just continue,
and I'll forget about whatever was undefined.


Overfull \hbox (25.76094pt too wide) in paragraph at lines 20--20
 []\OT1/cmr/m/sc/10 Ante 
 []


Overfull \hbox (50.59415pt too wide) in paragraph at lines 20--20
 \OT1/cmr/m/sc/10 proyecto: 
 []


Overfull \hbox (20.62766pt too wide) in paragraph at lines 20--20
 \OT1/cmr/m/sc/10 A[]no 
 []


Overfull \hbox (11.82217pt too wide) in paragraph at lines 20--20
 \OT1/cmr/m/sc/10 de 
 []


Overfull \hbox (49.19975pt too wide) in paragraph at lines 20--20
 \OT1/cmr/m/sc/10 pr[]acticas 
 []

! Undefined control sequence.
l.25 \large
           
The control sequence at the end of the top line
of your error message was never \def'ed. If you have
misspelled it (e.g., `\hobx'), type `I' and the correct
spelling (e.g., `I\hbox'). Otherwise just continue,
and I'll forget about whatever was undefined.

Missing character: There is no S in font nullfont!
Missing character: There is no u in font nullfont!
Missing character: There is no p in font nullfont!
Missing character: There is no e in font nullfont!
Missing character: There is no r in font nullfont!
Missing character: There is no v in font nullfont!
Missing character: There is no i in font nullfont!
Missing character: There is no s in font nullfont!
Missing character: There is no a in font nullfont!
Missing character: There is no d in font nullfont!
Missing character: There is no o in font nullfont!
Missing character: There is no p in font nullfont!
Missing character: There is no o in font nullfont!
Missing character: There is no r in font nullfont!
Missing character: There is no : in font nullfont!

Overfull \hbox (14.83322pt too wide) in paragraph at lines 27--27
 []\OT1/cmr/m/it/10 Dr. 
 []


Overfull \hbox (20.06096pt too wide) in paragraph at lines 27--27
 \OT1/cmr/m/it/10 Car- 
 []


Overfull \hbox (11.7555pt too wide) in paragraph at lines 27--27
 \OT1/cmr/m/it/10 los 
 []


Overfull \hbox (29.78314pt too wide) in paragraph at lines 27--27
 \OT1/cmr/m/it/10 Pineda 
 []


Overfull \hbox (18.04987pt too wide) in paragraph at lines 27--27
 \OT1/cmr/m/it/10 (IF- 
 []


Overfull \hbox (35.35535pt too wide) in paragraph at lines 27--27
 \OT1/cmr/m/it/10 UNAM) 
 []


Overfull \hbox (4.59996pt too wide) in paragraph at lines 27--27
 \OT1/cmr/m/it/10 e 
 []


Overfull \hbox (17.14433pt too wide) in paragraph at lines 27--27
 \OT1/cmr/m/it/10 Ing. 
 []


Overfull \hbox (32.33868pt too wide) in paragraph at lines 27--27
 \OT1/cmr/m/it/10 Rodolfo 
 []


Overfull \hbox (75.6884pt too wide) in paragraph at lines 27--27
 \OT1/cmr/m/it/10 Samayoa(ECFM- 
 []


Overfull \hbox (31.847pt too wide) in paragraph at lines 27--27
 \OT1/cmr/m/it/10 USAC) 
 []

! Undefined control sequence.
l.31 {\large
            \emph{8 de noviembre 2022}}
The control sequence at the end of the top line
of your error message was never \def'ed. If you have
misspelled it (e.g., `\hobx'), type `I' and the correct
spelling (e.g., `I\hbox'). Otherwise just continue,
and I'll forget about whatever was undefined.


Overfull \hbox (5.11108pt too wide) in paragraph at lines 31--32
 []\OT1/cmr/m/it/10 8 
 []


Overfull \hbox (9.71104pt too wide) in paragraph at lines 31--32
 \OT1/cmr/m/it/10 de 
 []


Overfull \hbox (34.75533pt too wide) in paragraph at lines 31--32
 \OT1/cmr/m/it/10 noviem- 
 []


Overfull \hbox (12.90543pt too wide) in paragraph at lines 31--32
 \OT1/cmr/m/it/10 bre 
 []


Overfull \hbox (21.7999pt too wide) in paragraph at lines 31--32
 \OT1/cmr/m/it/10 2022 
 []


! LaTeX Error: \begin{document} ended by \end{titlepage}.

See the LaTeX manual or LaTeX Companion for explanation.
Type  H <return>  for immediate help.
 ...                                              
                                                  
l.33 \end{titlepage}
                    
Your command was ignored.
Type  I <command> <return>  to replace it with another command,
or  <return>  to continue without it.

)
! Emergency stop.
<*> title.tex
             
*** (job aborted, no legal \end found)

 
Here is how much of TeX's memory you used:
 26 strings out of 478862
 477 string characters out of 5858944
 288481 words of memory out of 6000000
 17759 multiletter control sequences out of 15000+600000
 404385 words of font info for 30 fonts, out of 8000000 for 9000
 1137 hyphenation exceptions out of 8191
 13i,1n,13p,154b,116s stack positions out of 5000i,500n,10000p,200000b,80000s
!  ==> Fatal error occurred, no output PDF file produced!
